Unity Editor version:    2020.3.20f1 (41c4e627c95f)
Branch:                  2020.3/staging
Build type:              Release
Batch mode:              YES
macOS version:           Version 11.3.1 (Build 20E241)
Darwin version:          20.4.0
Architecture:            x86_64
Running under Rosetta:   NO
Available memory:        16384 MB
Using pre-set license
Pro License: NO

COMMAND LINE ARGUMENTS:
/Applications/Unity/Hub/Editor/2020.3.20f1/Unity.app/Contents/MacOS/Unity
-adb2
-batchMode
-noUpm
-name
AssetImportWorker0
-projectPath
/Users/jjhh/Documents/GitHub/ProjectFor3D
-logFile
Logs/AssetImportWorker0.log
-srvPort
50686
Successfully changed project path to: /Users/jjhh/Documents/GitHub/ProjectFor3D
/Users/jjhh/Documents/GitHub/ProjectFor3D
Using Asset Import Pipeline V2.
Refreshing native plugins compatible for Editor in 46.75 ms, found 6 plugins.
Preloading 0 native plugins for Editor in 0.00 ms.
Initialize engine version: 2020.3.20f1 (41c4e627c95f)
[Subsystems] Discovering subsystems at path /Applications/Unity/Hub/Editor/2020.3.20f1/Unity.app/Contents/Resources/UnitySubsystems
[Subsystems] Discovering subsystems at path /Users/jjhh/Documents/GitHub/ProjectFor3D/Assets
GfxDevice: creating device client; threaded=0
2021-10-20 23:38:17.796 Unity[4085:161249] Color LCD preferred device: Intel(R) UHD Graphics 630 (low power)
2021-10-20 23:38:17.796 Unity[4085:161249] Metal devices available: 2
2021-10-20 23:38:17.796 Unity[4085:161249] 0: AMD Radeon Pro 560X (high power)
2021-10-20 23:38:17.796 Unity[4085:161249] 1: Intel(R) UHD Graphics 630 (low power)
2021-10-20 23:38:17.797 Unity[4085:161249] Using device AMD Radeon Pro 560X (high power)
Initializing Metal device caps: AMD Radeon Pro 560X
Initialize mono
Mono path[0] = '/Applications/Unity/Hub/Editor/2020.3.20f1/Unity.app/Contents/Managed'
Mono path[1] = '/Applications/Unity/Hub/Editor/2020.3.20f1/Unity.app/Contents/MonoBleedingEdge/lib/mono/unityjit'
Mono config path = '/Applications/Unity/Hub/Editor/2020.3.20f1/Unity.app/Contents/MonoBleedingEdge/etc'
Using monoOptions --debugger-agent=transport=dt_socket,embedding=1,server=y,suspend=n,address=127.0.0.1:56085
Begin MonoManager ReloadAssembly
Registering precompiled unity dll's ...
Register platform support module: /Applications/Unity/Hub/Editor/2020.3.20f1/PlaybackEngines/WebGLSupport/UnityEditor.WebGL.Extensions.dll
Register platform support module: /Applications/Unity/Hub/Editor/2020.3.20f1/Unity.app/Contents/PlaybackEngines/MacStandaloneSupport/UnityEditor.OSXStandalone.Extensions.dll
Register platform support module: /Applications/Unity/Hub/Editor/2020.3.20f1/PlaybackEngines/WindowsStandaloneSupport/UnityEditor.WindowsStandalone.Extensions.dll
Register platform support module: /Applications/Unity/Hub/Editor/2020.3.20f1/PlaybackEngines/LinuxStandaloneSupport/UnityEditor.LinuxStandalone.Extensions.dll
Register platform support module: /Applications/Unity/Hub/Editor/2020.3.20f1/PlaybackEngines/LuminSupport/UnityEditor.Lumin.Extensions.dll
Registered in 0.000954 seconds.
Native extension for Lumin target not found
Native extension for LinuxStandalone target not found
Native extension for WindowsStandalone target not found
Native extension for OSXStandalone target not found
Native extension for WebGL target not found
Refreshing native plugins compatible for Editor in 38.83 ms, found 6 plugins.
Preloading 0 native plugins for Editor in 0.00 ms.
Mono: successfully reloaded assembly
- Completed reload, in  2.777 seconds
Domain Reload Profiling:
	ReloadAssembly (2777ms)
		BeginReloadAssembly (40ms)
			ExecutionOrderSort (0ms)
			DisableScriptedObjects (0ms)
			BackupInstance (0ms)
			ReleaseScriptingObjects (0ms)
			CreateAndSetChildDomain (1ms)
		EndReloadAssembly (471ms)
			LoadAssemblies (40ms)
			RebuildTransferFunctionScriptingTraits (0ms)
			SetupTypeCache (174ms)
			ReleaseScriptCaches (0ms)
			RebuildScriptCaches (40ms)
			SetupLoadedEditorAssemblies (203ms)
				LogAssemblyErrors (0ms)
				InitializePlatformSupportModulesInManaged (6ms)
				SetLoadedEditorAssemblies (0ms)
				RefreshPlugins (39ms)
				BeforeProcessingInitializeOnLoad (25ms)
				ProcessInitializeOnLoadAttributes (103ms)
				ProcessInitializeOnLoadMethodAttributes (29ms)
				AfterProcessingInitializeOnLoad (0ms)
				EditorAssembliesLoaded (0ms)
			ExecutionOrderSort2 (0ms)
			AwakeInstancesAfterBackupRestoration (0ms)
Platform modules already initialized, skipping
Registering precompiled user dll's ...
Registered in 0.001699 seconds.
Begin MonoManager ReloadAssembly
Native extension for Lumin target not found
Native extension for LinuxStandalone target not found
Native extension for WindowsStandalone target not found
Native extension for OSXStandalone target not found
Native extension for WebGL target not found
Refreshing native plugins compatible for Editor in 42.23 ms, found 6 plugins.
Preloading 0 native plugins for Editor in 0.00 ms.
Mono: successfully reloaded assembly
Fallback handler could not load library /Applications/Unity/Hub/Editor/2020.3.20f1/Unity.app/Contents/Frameworks/Mono/lib/libdl
Fallback handler could not load library /Applications/Unity/Hub/Editor/2020.3.20f1/Unity.app/Contents/Frameworks/Mono/lib/libAssets/Allegorithmic/Plugins/Substance/Substance Engine/Editor/SubstanceLink/libsubstance_link.dylib
Fallback handler could not load library /Applications/Unity/Hub/Editor/2020.3.20f1/Unity.app/Contents/Frameworks/Mono/lib/libAssets/Allegorithmic/Plugins/Substance/Substance Engine/Editor/SubstanceLink/libsubstance_link.dylib
Fallback handler could not load library /Applications/Unity/Hub/Editor/2020.3.20f1/Unity.app/Contents/Frameworks/Mono/lib/libAssets/Allegorithmic/Plugins/Substance/Substance Engine/Editor/SubstanceLink/libsubstance_link.dylib.so
Fallback handler could not load library /Applications/Unity/Hub/Editor/2020.3.20f1/Unity.app/Contents/Frameworks/Mono/lib/libAssets/Allegorithmic/Plugins/Substance/Substance Engine/Editor/SubstanceLink/libsubstance_link.dylib.bundle
Fallback handler could not load library /Applications/Unity/Hub/Editor/2020.3.20f1/Unity.app/Contents/Frameworks/Mono/lib/libAssets/Allegorithmic/Plugins/Substance/Substance Engine/Editor/SubstanceLink/libsubstance_link.dylib
Fallback handler could not load library /Applications/Unity/Hub/Editor/2020.3.20f1/Unity.app/Contents/Frameworks/Mono/lib/libAssets/Allegorithmic/Plugins/Substance/Substance Engine/Editor/SubstanceLink/libsubstance_link.dylib
Fallback handler could not load library /Applications/Unity/Hub/Editor/2020.3.20f1/Unity.app/Contents/Frameworks/Mono/lib/libAssets/Allegorithmic/Plugins/Substance/Substance Engine/Editor/SubstanceLink/libsubstance_link.dylib.so
Fallback handler could not load library /Applications/Unity/Hub/Editor/2020.3.20f1/Unity.app/Contents/Frameworks/Mono/lib/libAssets/Allegorithmic/Plugins/Substance/Substance Engine/Editor/SubstanceLink/libsubstance_link.dylib.bundle
Fallback handler could not load library /Applications/Unity/Hub/Editor/2020.3.20f1/Unity.app/Contents/Frameworks/Mono/lib/libAssets/Allegorithmic/Plugins/Substance/Substance Engine/Editor/SubstanceLink/libsubstance_link.dylib
Fallback handler could not load library /Applications/Unity/Hub/Editor/2020.3.20f1/Unity.app/Contents/Frameworks/Mono/lib/libAssets/Allegorithmic/Plugins/Substance/Substance Engine/Editor/SubstanceLink/libsubstance_link.dylib
Fallback handler could not load library /Applications/Unity/Hub/Editor/2020.3.20f1/Unity.app/Contents/Frameworks/Mono/lib/libAssets/Allegorithmic/Plugins/Substance/Substance Engine/Editor/SubstanceLink/libsubstance_link.dylib.so
Fallback handler could not load library /Applications/Unity/Hub/Editor/2020.3.20f1/Unity.app/Contents/Frameworks/Mono/lib/libAssets/Allegorithmic/Plugins/Substance/Substance Engine/Editor/SubstanceLink/libsubstance_link.dylib.bundle
Fallback handler could not load library /Applications/Unity/Hub/Editor/2020.3.20f1/Unity.app/Contents/Frameworks/Mono/lib/libAssets/Allegorithmic/Plugins/Substance/Substance Engine/Editor/SubstanceLink/libsubstance_link.dylib
Fallback handler could not load library /Applications/Unity/Hub/Editor/2020.3.20f1/Unity.app/Contents/Frameworks/Mono/lib/libAssets/Allegorithmic/Plugins/Substance/Substance Engine/Editor/SubstanceLink/libsubstance_link.dylib
Fallback handler could not load library /Applications/Unity/Hub/Editor/2020.3.20f1/Unity.app/Contents/Frameworks/Mono/lib/libAssets/Allegorithmic/Plugins/Substance/Substance Engine/Editor/SubstanceLink/libsubstance_link.dylib.so
Fallback handler could not load library /Applications/Unity/Hub/Editor/2020.3.20f1/Unity.app/Contents/Frameworks/Mono/lib/libAssets/Allegorithmic/Plugins/Substance/Substance Engine/Editor/SubstanceLink/libsubstance_link.dylib.bundle
Fallback handler could not load library /Applications/Unity/Hub/Editor/2020.3.20f1/Unity.app/Contents/Frameworks/Mono/lib/libAssets/Allegorithmic/Plugins/Substance/Substance Engine/Editor/SubstanceLink/libsubstance_link.dylib
Fallback handler could not load library /Applications/Unity/Hub/Editor/2020.3.20f1/Unity.app/Contents/Frameworks/Mono/lib/libAssets/Allegorithmic/Plugins/Substance/Substance Engine/Editor/SubstanceLink/libsubstance_link.dylib
Fallback handler could not load library /Applications/Unity/Hub/Editor/2020.3.20f1/Unity.app/Contents/Frameworks/Mono/lib/libAssets/Allegorithmic/Plugins/Substance/Substance Engine/Editor/SubstanceLink/libsubstance_link.dylib.so
Fallback handler could not load library /Applications/Unity/Hub/Editor/2020.3.20f1/Unity.app/Contents/Frameworks/Mono/lib/libAssets/Allegorithmic/Plugins/Substance/Substance Engine/Editor/SubstanceLink/libsubstance_link.dylib.bundle
- Completed reload, in  1.316 seconds
Domain Reload Profiling:
	ReloadAssembly (1317ms)
		BeginReloadAssembly (168ms)
			ExecutionOrderSort (0ms)
			DisableScriptedObjects (5ms)
			BackupInstance (0ms)
			ReleaseScriptingObjects (0ms)
			CreateAndSetChildDomain (35ms)
		EndReloadAssembly (1081ms)
			LoadAssemblies (80ms)
			RebuildTransferFunctionScriptingTraits (0ms)
			SetupTypeCache (356ms)
			ReleaseScriptCaches (0ms)
			RebuildScriptCaches (64ms)
			SetupLoadedEditorAssemblies (381ms)
				LogAssemblyErrors (0ms)
				InitializePlatformSupportModulesInManaged (7ms)
				SetLoadedEditorAssemblies (0ms)
				RefreshPlugins (42ms)
				BeforeProcessingInitializeOnLoad (83ms)
				ProcessInitializeOnLoadAttributes (242ms)
				ProcessInitializeOnLoadMethodAttributes (4ms)
				AfterProcessingInitializeOnLoad (1ms)
				EditorAssembliesLoaded (0ms)
			ExecutionOrderSort2 (0ms)
			AwakeInstancesAfterBackupRestoration (8ms)
Platform modules already initialized, skipping
Validating Project structure ... 0.001816 seconds.
Shader import version has changed; will reimport all shaders...
Upgrading shader files ...0.002524 seconds.
Application.AssetDatabase Initial Script Refresh Start
RefreshInfo: InitialScriptRefreshV2(NoUpdateAssetOptions) scanfilter:  ... 1 filters
RefreshProfiler: Total: 0.000ms
Application.AssetDatabase Initial Script Refresh End
Application.AssetDatabase.Refresh Start
Application.AssetDatabase.Refresh End
RefreshInfo: StopAssetImportingV2(ForceSynchronousImport) scanfilter: 
RefreshProfiler: Total: 0.000ms
Launching external process: /Applications/Unity/Hub/Editor/2020.3.20f1/Unity.app/Contents/Tools/UnityShaderCompiler
Launched and connected shader compiler UnityShaderCompiler after 0.01 seconds
Initializing Unity extensions:
========================================================================
Worker process is ready to serve import requests
Refreshing native plugins compatible for Editor in 0.63 ms, found 6 plugins.
Preloading 0 native plugins for Editor in 0.00 ms.
Unloading 2755 Unused Serialized files (Serialized files now loaded: 0)
System memory in use before: 244.9 MB.
System memory in use after: 244.7 MB.

Unloading 155 unused Assets to reduce memory usage. Loaded Objects now: 3205.
Total: 2.969759 ms (FindLiveObjects: 0.226266 ms CreateObjectMapping: 0.095654 ms MarkObjects: 2.456541 ms  DeleteObjects: 0.190687 ms)

AssetImportParameters requested are different than current active one (requested -> active):
  custom:video-decoder-ogg-theora: a1e56fd34408186e4bbccfd4996cb3dc -> 
  custom:container-muxer-webm: aa71ff27fc2769a1b78a27578f13a17b -> 
  custom:container-demuxer-webm: 4f35f7cbe854078d1ac9338744f61a02 -> 
  custom:container-demuxer-ogg: 62fdf1f143b41e24485cea50d1cbac27 -> 
  custom:video-encoder-webm-vp8: eb34c28f22e8b96e1ab97ce403110664 -> 
  custom:framework-osx-AVFoundation: e770b220cccbd017edd2c1fefb359320 -> 
  custom:video-decoder-webm-vp8: 9c59270c3fd7afecdb556c50c9e8de78 -> 
  custom:audio-decoder-ogg-vorbis: bf7c407c2cedff20999df2af8eb42d56 -> 
  custom:audio-encoder-webm-vorbis: bf7c407c2cedff20999df2af8eb42d56 -> 
========================================================================
Received Import Request.
  path: Assets/Materials/Skybox_Mat.mat
  artifactKey: Guid(0ffaa0b7117ba8c47a9d05ae701d4b4d) Importer(815301076,1909f56bfc062723c751e8b465ee728b)
Start importing Assets/Materials/Skybox_Mat.mat using Guid(0ffaa0b7117ba8c47a9d05ae701d4b4d) Importer(815301076,1909f56bfc062723c751e8b465ee728b)  -> (artifact id: '4d54ab3375f41efad00566dcae11def2') in 0.943527 seconds 
  Import took 0.947615 seconds .

========================================================================
Received Import Request.
  Time since last request: 687.422222 seconds.
  path: Assets/Animation/CharacterStanding.anim
  artifactKey: Guid(62e3bb7a5c46949d9942390d35814146) Importer(815301076,1909f56bfc062723c751e8b465ee728b)
Start importing Assets/Animation/CharacterStanding.anim using Guid(62e3bb7a5c46949d9942390d35814146) Importer(815301076,1909f56bfc062723c751e8b465ee728b)  -> (artifact id: 'fe8dfc008aa04b2d5fce6bd0071651f7') in 0.288699 seconds 
  Import took 0.293288 seconds .

========================================================================
Received Prepare
Registering precompiled user dll's ...
Registered in 0.005159 seconds.
Begin MonoManager ReloadAssembly
Native extension for Lumin target not found
Native extension for LinuxStandalone target not found
Native extension for WindowsStandalone target not found
Native extension for OSXStandalone target not found
Native extension for WebGL target not found
Refreshing native plugins compatible for Editor in 0.65 ms, found 6 plugins.
Preloading 0 native plugins for Editor in 0.00 ms.
Mono: successfully reloaded assembly
Fallback handler could not load library /Applications/Unity/Hub/Editor/2020.3.20f1/Unity.app/Contents/Frameworks/Mono/lib/libdl
Fallback handler could not load library /Applications/Unity/Hub/Editor/2020.3.20f1/Unity.app/Contents/Frameworks/Mono/lib/libAssets/Allegorithmic/Plugins/Substance/Substance Engine/Editor/SubstanceLink/libsubstance_link.dylib
Fallback handler could not load library /Applications/Unity/Hub/Editor/2020.3.20f1/Unity.app/Contents/Frameworks/Mono/lib/libAssets/Allegorithmic/Plugins/Substance/Substance Engine/Editor/SubstanceLink/libsubstance_link.dylib
Fallback handler could not load library /Applications/Unity/Hub/Editor/2020.3.20f1/Unity.app/Contents/Frameworks/Mono/lib/libAssets/Allegorithmic/Plugins/Substance/Substance Engine/Editor/SubstanceLink/libsubstance_link.dylib.so
Fallback handler could not load library /Applications/Unity/Hub/Editor/2020.3.20f1/Unity.app/Contents/Frameworks/Mono/lib/libAssets/Allegorithmic/Plugins/Substance/Substance Engine/Editor/SubstanceLink/libsubstance_link.dylib.bundle
Fallback handler could not load library /Applications/Unity/Hub/Editor/2020.3.20f1/Unity.app/Contents/Frameworks/Mono/lib/libAssets/Allegorithmic/Plugins/Substance/Substance Engine/Editor/SubstanceLink/libsubstance_link.dylib
Fallback handler could not load library /Applications/Unity/Hub/Editor/2020.3.20f1/Unity.app/Contents/Frameworks/Mono/lib/libAssets/Allegorithmic/Plugins/Substance/Substance Engine/Editor/SubstanceLink/libsubstance_link.dylib
Fallback handler could not load library /Applications/Unity/Hub/Editor/2020.3.20f1/Unity.app/Contents/Frameworks/Mono/lib/libAssets/Allegorithmic/Plugins/Substance/Substance Engine/Editor/SubstanceLink/libsubstance_link.dylib.so
Fallback handler could not load library /Applications/Unity/Hub/Editor/2020.3.20f1/Unity.app/Contents/Frameworks/Mono/lib/libAssets/Allegorithmic/Plugins/Substance/Substance Engine/Editor/SubstanceLink/libsubstance_link.dylib.bundle
Fallback handler could not load library /Applications/Unity/Hub/Editor/2020.3.20f1/Unity.app/Contents/Frameworks/Mono/lib/libAssets/Allegorithmic/Plugins/Substance/Substance Engine/Editor/SubstanceLink/libsubstance_link.dylib
Fallback handler could not load library /Applications/Unity/Hub/Editor/2020.3.20f1/Unity.app/Contents/Frameworks/Mono/lib/libAssets/Allegorithmic/Plugins/Substance/Substance Engine/Editor/SubstanceLink/libsubstance_link.dylib
Fallback handler could not load library /Applications/Unity/Hub/Editor/2020.3.20f1/Unity.app/Contents/Frameworks/Mono/lib/libAssets/Allegorithmic/Plugins/Substance/Substance Engine/Editor/SubstanceLink/libsubstance_link.dylib.so
Fallback handler could not load library /Applications/Unity/Hub/Editor/2020.3.20f1/Unity.app/Contents/Frameworks/Mono/lib/libAssets/Allegorithmic/Plugins/Substance/Substance Engine/Editor/SubstanceLink/libsubstance_link.dylib.bundle
Fallback handler could not load library /Applications/Unity/Hub/Editor/2020.3.20f1/Unity.app/Contents/Frameworks/Mono/lib/libAssets/Allegorithmic/Plugins/Substance/Substance Engine/Editor/SubstanceLink/libsubstance_link.dylib
Fallback handler could not load library /Applications/Unity/Hub/Editor/2020.3.20f1/Unity.app/Contents/Frameworks/Mono/lib/libAssets/Allegorithmic/Plugins/Substance/Substance Engine/Editor/SubstanceLink/libsubstance_link.dylib
Fallback handler could not load library /Applications/Unity/Hub/Editor/2020.3.20f1/Unity.app/Contents/Frameworks/Mono/lib/libAssets/Allegorithmic/Plugins/Substance/Substance Engine/Editor/SubstanceLink/libsubstance_link.dylib.so
Fallback handler could not load library /Applications/Unity/Hub/Editor/2020.3.20f1/Unity.app/Contents/Frameworks/Mono/lib/libAssets/Allegorithmic/Plugins/Substance/Substance Engine/Editor/SubstanceLink/libsubstance_link.dylib.bundle
Fallback handler could not load library /Applications/Unity/Hub/Editor/2020.3.20f1/Unity.app/Contents/Frameworks/Mono/lib/libAssets/Allegorithmic/Plugins/Substance/Substance Engine/Editor/SubstanceLink/libsubstance_link.dylib
Fallback handler could not load library /Applications/Unity/Hub/Editor/2020.3.20f1/Unity.app/Contents/Frameworks/Mono/lib/libAssets/Allegorithmic/Plugins/Substance/Substance Engine/Editor/SubstanceLink/libsubstance_link.dylib
Fallback handler could not load library /Applications/Unity/Hub/Editor/2020.3.20f1/Unity.app/Contents/Frameworks/Mono/lib/libAssets/Allegorithmic/Plugins/Substance/Substance Engine/Editor/SubstanceLink/libsubstance_link.dylib.so
Fallback handler could not load library /Applications/Unity/Hub/Editor/2020.3.20f1/Unity.app/Contents/Frameworks/Mono/lib/libAssets/Allegorithmic/Plugins/Substance/Substance Engine/Editor/SubstanceLink/libsubstance_link.dylib.bundle
- Completed reload, in  1.368 seconds
Domain Reload Profiling:
	ReloadAssembly (1368ms)
		BeginReloadAssembly (208ms)
			ExecutionOrderSort (0ms)
			DisableScriptedObjects (10ms)
			BackupInstance (0ms)
			ReleaseScriptingObjects (0ms)
			CreateAndSetChildDomain (69ms)
		EndReloadAssembly (1086ms)
			LoadAssemblies (79ms)
			RebuildTransferFunctionScriptingTraits (0ms)
			SetupTypeCache (359ms)
			ReleaseScriptCaches (1ms)
			RebuildScriptCaches (63ms)
			SetupLoadedEditorAssemblies (356ms)
				LogAssemblyErrors (0ms)
				InitializePlatformSupportModulesInManaged (6ms)
				SetLoadedEditorAssemblies (0ms)
				RefreshPlugins (1ms)
				BeforeProcessingInitializeOnLoad (117ms)
				ProcessInitializeOnLoadAttributes (227ms)
				ProcessInitializeOnLoadMethodAttributes (4ms)
				AfterProcessingInitializeOnLoad (1ms)
				EditorAssembliesLoaded (0ms)
			ExecutionOrderSort2 (0ms)
			AwakeInstancesAfterBackupRestoration (17ms)
Platform modules already initialized, skipping
Refreshing native plugins compatible for Editor in 0.66 ms, found 6 plugins.
Preloading 0 native plugins for Editor in 0.00 ms.
Unloading 2638 Unused Serialized files (Serialized files now loaded: 0)
System memory in use before: 249.2 MB.
System memory in use after: 249.5 MB.

Unloading 49 unused Assets to reduce memory usage. Loaded Objects now: 3285.
Total: 2.843000 ms (FindLiveObjects: 0.223239 ms CreateObjectMapping: 0.088222 ms MarkObjects: 2.512518 ms  DeleteObjects: 0.018338 ms)

AssetImportParameters requested are different than current active one (requested -> active):
  custom:video-decoder-ogg-theora: a1e56fd34408186e4bbccfd4996cb3dc -> 
  custom:container-muxer-webm: aa71ff27fc2769a1b78a27578f13a17b -> 
  custom:container-demuxer-webm: 4f35f7cbe854078d1ac9338744f61a02 -> 
  custom:container-demuxer-ogg: 62fdf1f143b41e24485cea50d1cbac27 -> 
  custom:video-encoder-webm-vp8: eb34c28f22e8b96e1ab97ce403110664 -> 
  custom:framework-osx-AVFoundation: e770b220cccbd017edd2c1fefb359320 -> 
  custom:video-decoder-webm-vp8: 9c59270c3fd7afecdb556c50c9e8de78 -> 
  custom:audio-decoder-ogg-vorbis: bf7c407c2cedff20999df2af8eb42d56 -> 
  custom:audio-encoder-webm-vorbis: bf7c407c2cedff20999df2af8eb42d56 -> 
========================================================================
Received Import Request.
  Time since last request: 6117.607882 seconds.
  path: Assets/Animation/CharacterStanding.anim
  artifactKey: Guid(62e3bb7a5c46949d9942390d35814146) Importer(815301076,1909f56bfc062723c751e8b465ee728b)
Start importing Assets/Animation/CharacterStanding.anim using Guid(62e3bb7a5c46949d9942390d35814146) Importer(815301076,1909f56bfc062723c751e8b465ee728b)  -> (artifact id: '7518b7f389bd840edf9f25a17ffa525a') in 0.019400 seconds 
  Import took 0.024843 seconds .

========================================================================
Received Import Request.
  Time since last request: 11.563328 seconds.
  path: Assets/Animation/CharacterRunningStart.anim
  artifactKey: Guid(5f40aa041eacb471c8ced63f495f6972) Importer(815301076,1909f56bfc062723c751e8b465ee728b)
Start importing Assets/Animation/CharacterRunningStart.anim using Guid(5f40aa041eacb471c8ced63f495f6972) Importer(815301076,1909f56bfc062723c751e8b465ee728b)  -> (artifact id: '7ab612960fc8b32f27b8a3d3625fcafe') in 0.005853 seconds 
  Import took 0.010391 seconds .

========================================================================
Received Import Request.
  Time since last request: 1337.032660 seconds.
  path: Assets/Animation/CharacterRunning.anim
  artifactKey: Guid(86a10d04a5ca246caa1b241c3d0e9eeb) Importer(815301076,1909f56bfc062723c751e8b465ee728b)
Start importing Assets/Animation/CharacterRunning.anim using Guid(86a10d04a5ca246caa1b241c3d0e9eeb) Importer(815301076,1909f56bfc062723c751e8b465ee728b)  -> (artifact id: '9cc4a139f092139bab8a88eac0f16b59') in 0.004456 seconds 
  Import took 0.009154 seconds .

========================================================================
Received Import Request.
  Time since last request: 3.348641 seconds.
  path: Assets/Animation/CharacterRunningStart.anim
  artifactKey: Guid(5f40aa041eacb471c8ced63f495f6972) Importer(815301076,1909f56bfc062723c751e8b465ee728b)
Start importing Assets/Animation/CharacterRunningStart.anim using Guid(5f40aa041eacb471c8ced63f495f6972) Importer(815301076,1909f56bfc062723c751e8b465ee728b)  -> (artifact id: 'c0803dedeb6ee26afb12dc3b3cf5dcb6') in 0.008765 seconds 
  Import took 0.014529 seconds .

========================================================================
Received Import Request.
  Time since last request: 0.817623 seconds.
  path: Assets/Animation/CharacterWalking.anim
  artifactKey: Guid(9d7efad1e597a4e81ba6b1bd18aae276) Importer(815301076,1909f56bfc062723c751e8b465ee728b)
Start importing Assets/Animation/CharacterWalking.anim using Guid(9d7efad1e597a4e81ba6b1bd18aae276) Importer(815301076,1909f56bfc062723c751e8b465ee728b)  -> (artifact id: '385ea415977358f6446039e40912bdd6') in 0.010851 seconds 
  Import took 0.016274 seconds .

========================================================================
Received Import Request.
  Time since last request: 2.516697 seconds.
  path: Assets/Animation/CharacterWalkingStart.anim
  artifactKey: Guid(be9dd2a550308446788644cd8266a0dd) Importer(815301076,1909f56bfc062723c751e8b465ee728b)
Start importing Assets/Animation/CharacterWalkingStart.anim using Guid(be9dd2a550308446788644cd8266a0dd) Importer(815301076,1909f56bfc062723c751e8b465ee728b)  -> (artifact id: '3658c03b2fe50e5af86f50855f383925') in 0.009025 seconds 
  Import took 0.014196 seconds .

========================================================================
Received Import Request.
  Time since last request: 0.371872 seconds.
  path: Assets/Animation/CharacterWalkingStop.anim
  artifactKey: Guid(a5e4eafdf6d6149e1979376997fd7a1b) Importer(815301076,1909f56bfc062723c751e8b465ee728b)
Start importing Assets/Animation/CharacterWalkingStop.anim using Guid(a5e4eafdf6d6149e1979376997fd7a1b) Importer(815301076,1909f56bfc062723c751e8b465ee728b)  -> (artifact id: 'dd4f170e63d82d10c26e2d051b6a7174') in 0.009876 seconds 
  Import took 0.015189 seconds .

========================================================================
Received Import Request.
  Time since last request: 1.326795 seconds.
  path: Assets/Animation/MainCharacter.controller
  artifactKey: Guid(5fa259dc052a7294fac13e9926c57db9) Importer(815301076,1909f56bfc062723c751e8b465ee728b)
Start importing Assets/Animation/MainCharacter.controller using Guid(5fa259dc052a7294fac13e9926c57db9) Importer(815301076,1909f56bfc062723c751e8b465ee728b)  -> (artifact id: '62620c1fccf2bafaa9e854a3035c08b4') in 0.183733 seconds 
  Import took 0.189447 seconds .

